<?xml version="1.0" encoding="UTF-8"?>
<testsuite name="APIAutomationATB6x"
           tests="13"
           failures="3"
           errors="0"
           skipped="9"
           time="15.826">
    <properties></properties>

            <testcase
                name="testDeleteBookingById"
                time="0.000"
                classname="com.thetestingacademy.tests.integration.retrylogic.TCIntegrationFlowRetry">

            <failure type="java.lang.ClassCastException" message="class com.thetestingacademy.pojos.Booking cannot be cast to class java.lang.Integer (com.thetestingacademy.pojos.Booking is in unnamed module of loader &apos;app&apos;; java.lang.Integer is in module java.base of loader &apos;bootstrap&apos;)">
                <![CDATA[java.lang.ClassCastException: class com.thetestingacademy.pojos.Booking cannot be cast to class java.lang.Integer (com.thetestingacademy.pojos.Booking is in unnamed module of loader 'app'; java.lang.Integer is in module java.base of loader 'bootstrap')
                com.thetestingacademy.tests.integration.retrylogic.TCIntegrationFlowRetry.testDeleteBookingById(TCIntegrationFlowRetry.java:116)java.base/jdk.internal.reflect.DirectMethodHandleAccessor.invoke(DirectMethodHandleAccessor.java:103)java.base/java.lang.reflect.Method.invoke(Method.java:580)org.testng.internal.invokers.MethodInvocationHelper.invokeMethod(MethodInvocationHelper.java:141)org.testng.internal.invokers.TestInvoker.invokeMethod(TestInvoker.java:686)org.testng.internal.invokers.TestInvoker.retryFailed(TestInvoker.java:269)org.testng.internal.invokers.MethodRunner.runInSequence(MethodRunner.java:76)org.testng.internal.invokers.TestInvoker$MethodInvocationAgent.invoke(TestInvoker.java:992)org.testng.internal.invokers.TestInvoker.invokeTestMethods(TestInvoker.java:203)org.testng.internal.invokers.TestMethodWorker.invokeTestMethods(TestMethodWorker.java:154)org.testng.internal.invokers.TestMethodWorker.run(TestMethodWorker.java:134)java.base/java.util.ArrayList.forEach(ArrayList.java:1597)org.testng.TestRunner.privateRun(TestRunner.java:739)org.testng.TestRunner.run(TestRunner.java:614)org.testng.SuiteRunner.runTest(SuiteRunner.java:421)org.testng.SuiteRunner.runSequentially(SuiteRunner.java:413)org.testng.SuiteRunner.privateRun(SuiteRunner.java:373)org.testng.SuiteRunner.run(SuiteRunner.java:312)org.testng.SuiteRunnerWorker.runSuite(SuiteRunnerWorker.java:52)org.testng.SuiteRunnerWorker.run(SuiteRunnerWorker.java:95)org.testng.TestNG.runSuitesSequentially(TestNG.java:1274)org.testng.TestNG.runSuitesLocally(TestNG.java:1208)org.testng.TestNG.runSuites(TestNG.java:1112)org.testng.TestNG.run(TestNG.java:1079)com.intellij.rt.testng.IDEARemoteTestNG.run(IDEARemoteTestNG.java:65)com.intellij.rt.testng.RemoteTestNGStarter.main(RemoteTestNGStarter.java:105)
]]>
            </failure>
    </testcase>
            <testcase
                name="testVerifyBookingId"
                time="0.012"
                classname="com.thetestingacademy.tests.integration.retrylogic.TCIntegrationFlowRetry">

            <failure type="java.lang.ClassCastException" message="class com.thetestingacademy.pojos.Booking cannot be cast to class java.lang.Integer (com.thetestingacademy.pojos.Booking is in unnamed module of loader &apos;app&apos;; java.lang.Integer is in module java.base of loader &apos;bootstrap&apos;)">
                <![CDATA[java.lang.ClassCastException: class com.thetestingacademy.pojos.Booking cannot be cast to class java.lang.Integer (com.thetestingacademy.pojos.Booking is in unnamed module of loader 'app'; java.lang.Integer is in module java.base of loader 'bootstrap')
                com.thetestingacademy.tests.integration.retrylogic.TCIntegrationFlowRetry.testVerifyBookingId(TCIntegrationFlowRetry.java:61)java.base/jdk.internal.reflect.DirectMethodHandleAccessor.invoke(DirectMethodHandleAccessor.java:103)java.base/java.lang.reflect.Method.invoke(Method.java:580)org.testng.internal.invokers.MethodInvocationHelper.invokeMethod(MethodInvocationHelper.java:141)org.testng.internal.invokers.TestInvoker.invokeMethod(TestInvoker.java:686)org.testng.internal.invokers.TestInvoker.retryFailed(TestInvoker.java:269)org.testng.internal.invokers.MethodRunner.runInSequence(MethodRunner.java:76)org.testng.internal.invokers.TestInvoker$MethodInvocationAgent.invoke(TestInvoker.java:992)org.testng.internal.invokers.TestInvoker.invokeTestMethods(TestInvoker.java:203)org.testng.internal.invokers.TestMethodWorker.invokeTestMethods(TestMethodWorker.java:154)org.testng.internal.invokers.TestMethodWorker.run(TestMethodWorker.java:134)java.base/java.util.ArrayList.forEach(ArrayList.java:1597)org.testng.TestRunner.privateRun(TestRunner.java:739)org.testng.TestRunner.run(TestRunner.java:614)org.testng.SuiteRunner.runTest(SuiteRunner.java:421)org.testng.SuiteRunner.runSequentially(SuiteRunner.java:413)org.testng.SuiteRunner.privateRun(SuiteRunner.java:373)org.testng.SuiteRunner.run(SuiteRunner.java:312)org.testng.SuiteRunnerWorker.runSuite(SuiteRunnerWorker.java:52)org.testng.SuiteRunnerWorker.run(SuiteRunnerWorker.java:95)org.testng.TestNG.runSuitesSequentially(TestNG.java:1274)org.testng.TestNG.runSuitesLocally(TestNG.java:1208)org.testng.TestNG.runSuites(TestNG.java:1112)org.testng.TestNG.run(TestNG.java:1079)com.intellij.rt.testng.IDEARemoteTestNG.run(IDEARemoteTestNG.java:65)com.intellij.rt.testng.RemoteTestNGStarter.main(RemoteTestNGStarter.java:105)
]]>
            </failure>
    </testcase>
            <testcase
                name="testUpdateBookingById"
                time="0.001"
                classname="com.thetestingacademy.tests.integration.retrylogic.TCIntegrationFlowRetry">

            <failure type="java.lang.ClassCastException" message="class com.thetestingacademy.pojos.Booking cannot be cast to class java.lang.Integer (com.thetestingacademy.pojos.Booking is in unnamed module of loader &apos;app&apos;; java.lang.Integer is in module java.base of loader &apos;bootstrap&apos;)">
                <![CDATA[java.lang.ClassCastException: class com.thetestingacademy.pojos.Booking cannot be cast to class java.lang.Integer (com.thetestingacademy.pojos.Booking is in unnamed module of loader 'app'; java.lang.Integer is in module java.base of loader 'bootstrap')
                com.thetestingacademy.tests.integration.retrylogic.TCIntegrationFlowRetry.testUpdateBookingById(TCIntegrationFlowRetry.java:89)java.base/jdk.internal.reflect.DirectMethodHandleAccessor.invoke(DirectMethodHandleAccessor.java:103)java.base/java.lang.reflect.Method.invoke(Method.java:580)org.testng.internal.invokers.MethodInvocationHelper.invokeMethod(MethodInvocationHelper.java:141)org.testng.internal.invokers.TestInvoker.invokeMethod(TestInvoker.java:686)org.testng.internal.invokers.TestInvoker.retryFailed(TestInvoker.java:269)org.testng.internal.invokers.MethodRunner.runInSequence(MethodRunner.java:76)org.testng.internal.invokers.TestInvoker$MethodInvocationAgent.invoke(TestInvoker.java:992)org.testng.internal.invokers.TestInvoker.invokeTestMethods(TestInvoker.java:203)org.testng.internal.invokers.TestMethodWorker.invokeTestMethods(TestMethodWorker.java:154)org.testng.internal.invokers.TestMethodWorker.run(TestMethodWorker.java:134)java.base/java.util.ArrayList.forEach(ArrayList.java:1597)org.testng.TestRunner.privateRun(TestRunner.java:739)org.testng.TestRunner.run(TestRunner.java:614)org.testng.SuiteRunner.runTest(SuiteRunner.java:421)org.testng.SuiteRunner.runSequentially(SuiteRunner.java:413)org.testng.SuiteRunner.privateRun(SuiteRunner.java:373)org.testng.SuiteRunner.run(SuiteRunner.java:312)org.testng.SuiteRunnerWorker.runSuite(SuiteRunnerWorker.java:52)org.testng.SuiteRunnerWorker.run(SuiteRunnerWorker.java:95)org.testng.TestNG.runSuitesSequentially(TestNG.java:1274)org.testng.TestNG.runSuitesLocally(TestNG.java:1208)org.testng.TestNG.runSuites(TestNG.java:1112)org.testng.TestNG.run(TestNG.java:1079)com.intellij.rt.testng.IDEARemoteTestNG.run(IDEARemoteTestNG.java:65)com.intellij.rt.testng.RemoteTestNGStarter.main(RemoteTestNGStarter.java:105)
]]>
            </failure>
    </testcase>

            <testcase
                name="testDeleteBookingById"
                time="0.0"
                classname="com.thetestingacademy.tests.integration.retrylogic.TCIntegrationFlowRetry">
            </testcase>
            <testcase
                name="testUpdateBookingById"
                time="0.0"
                classname="com.thetestingacademy.tests.integration.retrylogic.TCIntegrationFlowRetry">
            </testcase>
            <testcase
                name="testUpdateBookingById"
                time="0.0"
                classname="com.thetestingacademy.tests.integration.retrylogic.TCIntegrationFlowRetry">
            </testcase>
            <testcase
                name="testVerifyBookingId"
                time="0.0"
                classname="com.thetestingacademy.tests.integration.retrylogic.TCIntegrationFlowRetry">
            </testcase>
            <testcase
                name="testUpdateBookingById"
                time="0.0"
                classname="com.thetestingacademy.tests.integration.retrylogic.TCIntegrationFlowRetry">
            </testcase>
            <testcase
                name="testDeleteBookingById"
                time="0.0"
                classname="com.thetestingacademy.tests.integration.retrylogic.TCIntegrationFlowRetry">
            </testcase>
            <testcase
                name="testDeleteBookingById"
                time="0.0"
                classname="com.thetestingacademy.tests.integration.retrylogic.TCIntegrationFlowRetry">
            </testcase>
            <testcase
                name="testVerifyBookingId"
                time="0.0"
                classname="com.thetestingacademy.tests.integration.retrylogic.TCIntegrationFlowRetry">
            </testcase>
            <testcase
                name="testVerifyBookingId"
                time="0.0"
                classname="com.thetestingacademy.tests.integration.retrylogic.TCIntegrationFlowRetry">
            </testcase>

            <testcase
                name="testCreateBooking"
                time="15.778"
                classname="com.thetestingacademy.tests.integration.retrylogic.TCIntegrationFlowRetry">
            </testcase>
</testsuite>
